<?xml version="1.0" encoding="UTF-8"?>
<!-- Generated by org.testng.reporters.JUnitReportReporter -->
<testsuite hostname="Roshan" failures="0" tests="1" name="Practise2.Simple1" time="0.008" errors="0" timestamp="2023-04-04T10:36:31 IST" skipped="0">
  <testcase classname="Practise2.Simple1" name="syso" time="0.008"/>
  <system-out>
    <![CDATA[hi this is update]]>
  </system-out>
</testsuite> <!-- Practise2.Simple1 -->
