<?xml version="1.0" encoding="UTF-8"?>
<!-- Generated by org.testng.reporters.JUnitReportReporter -->
<testsuite hostname="Roshan" failures="0" tests="2" name="practise.Sample2Test" time="0.009" errors="0" timestamp="2023-03-31T17:13:41 IST" skipped="0">
  <testcase classname="practise.Sample2Test" name="simple" time="0.001"/>
  <system-out/>
  <testcase classname="practise.Sample2Test" name="createsmoke" time="0.008"/>
  <system-out/>
</testsuite> <!-- practise.Sample2Test -->
