<?xml version="1.0" encoding="UTF-8"?>
<!-- Generated by org.testng.reporters.JUnitReportReporter -->
<testsuite hostname="Roshan" failures="0" tests="1" name="practise.PractiseParamtr" time="0.009" errors="0" timestamp="2023-03-31T17:15:43 IST" skipped="0">
  <testcase classname="practise.PractiseParamtr" name="para" time="0.009"/>
  <system-out/>
</testsuite> <!-- practise.PractiseParamtr -->
