<?xml version="1.0" encoding="UTF-8"?>
<!-- Generated by org.testng.reporters.JUnitReportReporter -->
<testsuite hostname="Roshan" failures="0" tests="1" name="practise.ParaPractiseEx1" time="0.007" errors="0" timestamp="2023-04-01T10:58:40 IST" skipped="0">
  <testcase classname="practise.ParaPractiseEx1" name="testPara" time="0.007"/>
  <system-out/>
</testsuite> <!-- practise.ParaPractiseEx1 -->
